This is pdfTeX, Version 3.14159265-2.6-1.40.18 (TeX Live 2017) (preloaded format=pdflatex 2017.5.23)  12 AUG 2019 16:52
entering extended mode
 restricted \write18 enabled.
 %&-line parsing enabled.
**main.tex
(./main.tex
LaTeX2e <2017-04-15>
Babel <3.10> and hyphenation patterns for 84 language(s) loaded.
(./mitthesis.cls
Document Class: mitthesis 1999/10/20
\vithesis=\count79
(/usr/local/texlive/2017/texmf-dist/tex/latex/base/report.cls
Document Class: report 2014/09/29 v1.4h Standard LaTeX document class
(/usr/local/texlive/2017/texmf-dist/tex/latex/base/size12.clo
File: size12.clo 2014/09/29 v1.4h Standard LaTeX file (size option)
)
\c@part=\count80
\c@chapter=\count81
\c@section=\count82
\c@subsection=\count83
\c@subsubsection=\count84
\c@paragraph=\count85
\c@subparagraph=\count86
\c@figure=\count87
\c@table=\count88
\abovecaptionskip=\skip41
\belowcaptionskip=\skip42
\bibindent=\dimen102
)
(/usr/local/texlive/2017/texmf-dist/tex/latex/setspace/setspace.sty
Package: setspace 2011/12/19 v6.7a set line spacing
)
Thesis document copyright MIT unless otherwise (manually) specified
\@titlesupervisor=\box26
\@abstractsupervisor=\box27
\c@savepage=\count89
) (./lgrind.sty
Package: lgrind 1997/01/30 v3.4 LGrind environment and supporting stuff
\lc@unt=\count90
\ln@xt=\count91
\LGnuminterval=\count92
\LGindent=\skip43
\LGsloppy=\skip44
\procbox=\box28
\ls@far=\box29
\tb@x=\box30
\TBw@d=\dimen103
\@ts=\dimen104
) (/usr/local/texlive/2017/texmf-dist/tex/latex/cmap/cmap.sty
Package: cmap 2008/03/06 v1.0h CMap support: searchable PDF
)
(/usr/local/texlive/2017/texmf-dist/tex/latex/amsmath/amsmath.sty
Package: amsmath 2016/11/05 v2.16a AMS math features
\@mathmargin=\skip45

For additional information on amsmath, use the `?' option.
(/usr/local/texlive/2017/texmf-dist/tex/latex/amsmath/amstext.sty
Package: amstext 2000/06/29 v2.01 AMS text

(/usr/local/texlive/2017/texmf-dist/tex/latex/amsmath/amsgen.sty
File: amsgen.sty 1999/11/30 v2.0 generic functions
\@emptytoks=\toks14
\ex@=\dimen105
))
(/usr/local/texlive/2017/texmf-dist/tex/latex/amsmath/amsbsy.sty
Package: amsbsy 1999/11/29 v1.2d Bold Symbols
\pmbraise@=\dimen106
)
(/usr/local/texlive/2017/texmf-dist/tex/latex/amsmath/amsopn.sty
Package: amsopn 2016/03/08 v2.02 operator names
)
\inf@bad=\count93
LaTeX Info: Redefining \frac on input line 213.
\uproot@=\count94
\leftroot@=\count95
LaTeX Info: Redefining \overline on input line 375.
\classnum@=\count96
\DOTSCASE@=\count97
LaTeX Info: Redefining \ldots on input line 472.
LaTeX Info: Redefining \dots on input line 475.
LaTeX Info: Redefining \cdots on input line 596.
\Mathstrutbox@=\box31
\strutbox@=\box32
\big@size=\dimen107
LaTeX Font Info:    Redeclaring font encoding OML on input line 712.
LaTeX Font Info:    Redeclaring font encoding OMS on input line 713.
\macc@depth=\count98
\c@MaxMatrixCols=\count99
\dotsspace@=\muskip10
\c@parentequation=\count100
\dspbrk@lvl=\count101
\tag@help=\toks15
\row@=\count102
\column@=\count103
\maxfields@=\count104
\andhelp@=\toks16
\eqnshift@=\dimen108
\alignsep@=\dimen109
\tagshift@=\dimen110
\tagwidth@=\dimen111
\totwidth@=\dimen112
\lineht@=\dimen113
\@envbody=\toks17
\multlinegap=\skip46
\multlinetaggap=\skip47
\mathdisplay@stack=\toks18
LaTeX Info: Redefining \[ on input line 2817.
LaTeX Info: Redefining \] on input line 2818.
)
(/usr/local/texlive/2017/texmf-dist/tex/latex/base/fontenc.sty
Package: fontenc 2017/04/05 v2.0i Standard LaTeX package

(/usr/local/texlive/2017/texmf-dist/tex/latex/base/t1enc.def
File: t1enc.def 2017/04/05 v2.0i Standard LaTeX file
LaTeX Font Info:    Redeclaring font encoding T1 on input line 48.
)<<t1.cmap>>)
(/usr/local/texlive/2017/texmf-dist/tex/latex/graphics/graphicx.sty
Package: graphicx 2014/10/28 v1.0g Enhanced LaTeX Graphics (DPC,SPQR)

(/usr/local/texlive/2017/texmf-dist/tex/latex/graphics/keyval.sty
Package: keyval 2014/10/28 v1.15 key=value parser (DPC)
\KV@toks@=\toks19
)
(/usr/local/texlive/2017/texmf-dist/tex/latex/graphics/graphics.sty
Package: graphics 2017/04/14 v1.1b Standard LaTeX Graphics (DPC,SPQR)

(/usr/local/texlive/2017/texmf-dist/tex/latex/graphics/trig.sty
Package: trig 2016/01/03 v1.10 sin cos tan (DPC)
)
(/usr/local/texlive/2017/texmf-dist/tex/latex/graphics-cfg/graphics.cfg
File: graphics.cfg 2016/06/04 v1.11 sample graphics configuration
)
Package graphics Info: Driver file: pdftex.def on input line 99.

(/usr/local/texlive/2017/texmf-dist/tex/latex/graphics-def/pdftex.def
File: pdftex.def 2017/01/12 v0.06k Graphics/color for pdfTeX

(/usr/local/texlive/2017/texmf-dist/tex/generic/oberdiek/infwarerr.sty
Package: infwarerr 2016/05/16 v1.4 Providing info/warning/error messages (HO)
)
(/usr/local/texlive/2017/texmf-dist/tex/generic/oberdiek/ltxcmds.sty
Package: ltxcmds 2016/05/16 v1.23 LaTeX kernel commands for general use (HO)
)
\Gread@gobject=\count105
))
\Gin@req@height=\dimen114
\Gin@req@width=\dimen115
)
(/usr/local/texlive/2017/texmf-dist/tex/latex/caption/subcaption.sty
Package: subcaption 2016/05/22 v1.1-161 Sub-captions (AR)

(/usr/local/texlive/2017/texmf-dist/tex/latex/caption/caption.sty
Package: caption 2016/02/21 v3.3-144 Customizing captions (AR)

(/usr/local/texlive/2017/texmf-dist/tex/latex/caption/caption3.sty
Package: caption3 2016/05/22 v1.7-166 caption3 kernel (AR)
Package caption3 Info: TeX engine: e-TeX on input line 67.
\captionmargin=\dimen116
\captionmargin@=\dimen117
\captionwidth=\dimen118
\caption@tempdima=\dimen119
\caption@indent=\dimen120
\caption@parindent=\dimen121
\caption@hangindent=\dimen122
)
\c@ContinuedFloat=\count106
)
\c@subfigure=\count107
\c@subtable=\count108
)
(/usr/local/texlive/2017/texmf-dist/tex/latex/braket/braket.sty)
(/usr/local/texlive/2017/texmf-dist/tex/latex/siunitx/siunitx.sty
(/usr/local/texlive/2017/texmf-dist/tex/latex/l3kernel/expl3.sty
Package: expl3 2017/05/13 L3 programming layer (loader) 

(/usr/local/texlive/2017/texmf-dist/tex/latex/l3kernel/expl3-code.tex
Package: expl3 2017/05/13 L3 programming layer (code)
\c_max_int=\count109
\l_tmpa_int=\count110
\l_tmpb_int=\count111
\g_tmpa_int=\count112
\g_tmpb_int=\count113
\g__prg_map_int=\count114
\c_log_iow=\count115
\l_iow_line_count_int=\count116
\l__iow_line_target_int=\count117
\l__iow_one_indent_int=\count118
\l__iow_indent_int=\count119
\c_zero_dim=\dimen123
\c_max_dim=\dimen124
\l_tmpa_dim=\dimen125
\l_tmpb_dim=\dimen126
\g_tmpa_dim=\dimen127
\g_tmpb_dim=\dimen128
\c_zero_skip=\skip48
\c_max_skip=\skip49
\l_tmpa_skip=\skip50
\l_tmpb_skip=\skip51
\g_tmpa_skip=\skip52
\g_tmpb_skip=\skip53
\c_zero_muskip=\muskip11
\c_max_muskip=\muskip12
\l_tmpa_muskip=\muskip13
\l_tmpb_muskip=\muskip14
\g_tmpa_muskip=\muskip15
\g_tmpb_muskip=\muskip16
\l_keys_choice_int=\count120
\c__fp_leading_shift_int=\count121
\c__fp_middle_shift_int=\count122
\c__fp_trailing_shift_int=\count123
\c__fp_big_leading_shift_int=\count124
\c__fp_big_middle_shift_int=\count125
\c__fp_big_trailing_shift_int=\count126
\c__fp_Bigg_leading_shift_int=\count127
\c__fp_Bigg_middle_shift_int=\count128
\c__fp_Bigg_trailing_shift_int=\count129
\c__fp_rand_size_int=\count130
\c__fp_rand_four_int=\count131
\c__fp_rand_eight_int=\count132
\l__sort_length_int=\count133
\l__sort_min_int=\count134
\l__sort_top_int=\count135
\l__sort_max_int=\count136
\l__sort_true_max_int=\count137
\l__sort_block_int=\count138
\l__sort_begin_int=\count139
\l__sort_end_int=\count140
\l__sort_A_int=\count141
\l__sort_B_int=\count142
\l__sort_C_int=\count143
\c_empty_box=\box33
\l_tmpa_box=\box34
\l_tmpb_box=\box35
\g_tmpa_box=\box36
\g_tmpb_box=\box37
\l__box_top_dim=\dimen129
\l__box_bottom_dim=\dimen130
\l__box_left_dim=\dimen131
\l__box_right_dim=\dimen132
\l__box_top_new_dim=\dimen133
\l__box_bottom_new_dim=\dimen134
\l__box_left_new_dim=\dimen135
\l__box_right_new_dim=\dimen136
\l__box_internal_box=\box38
\l__coffin_internal_box=\box39
\l__coffin_internal_dim=\dimen137
\l__coffin_offset_x_dim=\dimen138
\l__coffin_offset_y_dim=\dimen139
\l__coffin_x_dim=\dimen140
\l__coffin_y_dim=\dimen141
\l__coffin_x_prime_dim=\dimen142
\l__coffin_y_prime_dim=\dimen143
\c_empty_coffin=\box40
\l__coffin_aligned_coffin=\box41
\l__coffin_aligned_internal_coffin=\box42
\l_tmpa_coffin=\box43
\l_tmpb_coffin=\box44
\l__coffin_display_coffin=\box45
\l__coffin_display_coord_coffin=\box46
\l__coffin_display_pole_coffin=\box47
\l__coffin_display_offset_dim=\dimen144
\l__coffin_display_x_dim=\dimen145
\l__coffin_display_y_dim=\dimen146
\l__coffin_bounding_shift_dim=\dimen147
\l__coffin_left_corner_dim=\dimen148
\l__coffin_right_corner_dim=\dimen149
\l__coffin_bottom_corner_dim=\dimen150
\l__coffin_top_corner_dim=\dimen151
\l__coffin_scaled_total_height_dim=\dimen152
\l__coffin_scaled_width_dim=\dimen153
)
(/usr/local/texlive/2017/texmf-dist/tex/latex/l3kernel/l3pdfmode.def
File: l3pdfmode.def 2017/03/18 v L3 Experimental driver: PDF mode
\l__driver_color_stack_int=\count144
\l__driver_tmp_box=\box48
))
(/usr/local/texlive/2017/texmf-dist/tex/latex/l3packages/xparse/xparse.sty
Package: xparse 2017/05/13 L3 Experimental document command parser
\l__xparse_current_arg_int=\count145
\g__xparse_grabber_int=\count146
\l__xparse_m_args_int=\count147
\l__xparse_mandatory_args_int=\count148
\l__xparse_v_nesting_int=\count149
)
Package: siunitx 2017/05/19 v2.7g A comprehensive (SI) units package

(/usr/local/texlive/2017/texmf-dist/tex/latex/tools/array.sty
Package: array 2016/10/06 v2.4d Tabular extension package (FMi)
\col@sep=\dimen154
\extrarowheight=\dimen155
\NC@list=\toks20
\extratabsurround=\skip54
\backup@length=\skip55
)
(/usr/local/texlive/2017/texmf-dist/tex/latex/l3packages/l3keys2e/l3keys2e.sty
Package: l3keys2e 2017/05/13 LaTeX2e option processing using LaTeX3 keys
)
\l__siunitx_tmp_box=\box49
\l__siunitx_tmp_dim=\dimen156
\l__siunitx_tmp_int=\count150
\l__siunitx_number_mantissa_length_int=\count151
\l__siunitx_number_uncert_length_int=\count152
\l__siunitx_round_int=\count153
\l__siunitx_process_decimal_int=\count154
\l__siunitx_process_uncertainty_int=\count155
\l__siunitx_process_fixed_int=\count156
\l__siunitx_process_integer_min_int=\count157
\l__siunitx_process_precision_int=\count158
\l__siunitx_group_min_int=\count159
\l__siunitx_angle_marker_box=\box50
\l__siunitx_angle_unit_box=\box51
\l__siunitx_angle_marker_dim=\dimen157
\l__siunitx_angle_unit_dim=\dimen158
\l__siunitx_unit_int=\count160
\l__siunitx_unit_denominator_int=\count161
\l__siunitx_unit_numerator_int=\count162
\l__siunitx_unit_prefix_int=\count163
\l__siunitx_unit_prefix_base_int=\count164
\l__siunitx_unit_prefix_gram_int=\count165
\l__siunitx_number_product_int=\count166
\c__siunitx_one_fill_skip=\skip56
\l__siunitx_table_unit_align_skip=\skip57
\l__siunitx_table_exponent_dim=\dimen159
\l__siunitx_table_integer_dim=\dimen160
\l__siunitx_table_mantissa_dim=\dimen161
\l__siunitx_table_marker_dim=\dimen162
\l__siunitx_table_result_dim=\dimen163
\l__siunitx_table_uncert_dim=\dimen164
\l__siunitx_table_fill_pre_dim=\dimen165
\l__siunitx_table_fill_post_dim=\dimen166
\l__siunitx_table_fill_mid_dim=\dimen167
\l__siunitx_table_pre_box=\box52
\l__siunitx_table_post_box=\box53
\l__siunitx_table_mantissa_box=\box54
\l__siunitx_table_result_box=\box55
\l__siunitx_table_number_align_skip=\skip58
\l__siunitx_table_text_align_skip=\skip59
.................................................
. LaTeX info: "xparse/define-command"
. 
. Defining command \DeclareBinaryPrefix with sig. 'mmm' on line 7251.
.................................................
.................................................
. LaTeX info: "xparse/define-command"
. 
. Defining command \DeclareSIPostPower with sig. 'mm' on line 7254.
.................................................
.................................................
. LaTeX info: "xparse/define-command"
. 
. Defining command \DeclareSIPrefix with sig. 'mmm' on line 7257.
.................................................
.................................................
. LaTeX info: "xparse/define-command"
. 
. Defining command \DeclareSIPrePower with sig. 'mm' on line 7260.
.................................................
.................................................
. LaTeX info: "xparse/define-command"
. 
. Defining command \DeclareSIQualifier with sig. 'mm' on line 7263.
.................................................
.................................................
. LaTeX info: "xparse/define-command"
. 
. Defining command \DeclareSIUnit with sig. 'O{}mm' on line 7266.
.................................................
.................................................
. LaTeX info: "xparse/define-command"
. 
. Defining command \DeclareSIUnitWithOptions with sig. 'mmm' on line 7269.
.................................................
.................................................
. LaTeX info: "xparse/define-command"
. 
. Defining command \ang with sig. 'o>{\SplitArgument {2}{;}}m' on line 7284.
.................................................
.................................................
. LaTeX info: "xparse/define-command"
. 
. Defining command \num with sig. 'om' on line 7293.
.................................................
.................................................
. LaTeX info: "xparse/define-command"
. 
. Defining command \numlist with sig. 'o>{\SplitList {;}}m' on line 7302.
.................................................
.................................................
. LaTeX info: "xparse/define-command"
. 
. Defining command \numrange with sig. 'omm' on line 7311.
.................................................
.................................................
. LaTeX info: "xparse/define-command"
. 
. Defining command \SIlist with sig. 'o>{\SplitList {;}}mm' on line 7323.
.................................................
.................................................
. LaTeX info: "xparse/define-command"
. 
. Defining command \SIrange with sig. 'ommm' on line 7335.
.................................................
.................................................
. LaTeX info: "xparse/define-command"
. 
. Defining command \SI with sig. 'omom' on line 7347.
.................................................
.................................................
. LaTeX info: "xparse/define-command"
. 
. Defining command \sisetup with sig. 'm' on line 7350.
.................................................
.................................................
. LaTeX info: "xparse/define-command"
. 
. Defining command \tablenum with sig. 'om' on line 7365.
.................................................
.................................................
. LaTeX info: "xparse/define-command"
. 
. Defining command \si with sig. 'om' on line 7377.
.................................................
.................................................
. LaTeX info: "xparse/define-command"
. 
. Defining command \numInBookmark with sig. 'om' on line 7424.
.................................................
.................................................
. LaTeX info: "xparse/define-command"
. 
. Defining command \numrangeInBookmark with sig. 'omm' on line 7426.
.................................................
.................................................
. LaTeX info: "xparse/define-command"
. 
. Defining command \SIInBookmark with sig. 'omom' on line 7428.
.................................................
.................................................
. LaTeX info: "xparse/define-command"
. 
. Defining command \SIlistInBookmark with sig. 'omm' on line 7430.
.................................................
.................................................
. LaTeX info: "xparse/define-command"
. 
. Defining command \SIrangeInBookmark with sig. 'ommm' on line 7432.
.................................................
.................................................
. LaTeX info: "xparse/define-command"
. 
. Defining command \siInBookmark with sig. 'om' on line 7433.
.................................................
\g__file_internal_ior=\read1
(/usr/local/texlive/2017/texmf-dist/tex/latex/beamer/translator/translator.sty
Package: translator 2010/06/12 ver 1.10

(/usr/local/texlive/2017/texmf-dist/tex/latex/beamer/translator/translator-lang
uage-mappings.tex)))
(/usr/local/texlive/2017/texmf-dist/tex/latex/graphics/color.sty
Package: color 2016/07/10 v1.1e Standard LaTeX Color (DPC)

(/usr/local/texlive/2017/texmf-dist/tex/latex/graphics-cfg/color.cfg
File: color.cfg 2016/01/02 v1.6 sample color configuration
)
Package color Info: Driver file: pdftex.def on input line 147.
)
(/usr/local/texlive/2017/texmf-dist/tex/latex/hyperref/hyperref.sty
Package: hyperref 2017/03/14 v6.85a Hypertext links for LaTeX

(/usr/local/texlive/2017/texmf-dist/tex/generic/oberdiek/hobsub-hyperref.sty
Package: hobsub-hyperref 2016/05/16 v1.14 Bundle oberdiek, subset hyperref (HO)


(/usr/local/texlive/2017/texmf-dist/tex/generic/oberdiek/hobsub-generic.sty
Package: hobsub-generic 2016/05/16 v1.14 Bundle oberdiek, subset generic (HO)
Package: hobsub 2016/05/16 v1.14 Construct package bundles (HO)
Package hobsub Info: Skipping package `infwarerr' (already loaded).
Package hobsub Info: Skipping package `ltxcmds' (already loaded).
Package: ifluatex 2016/05/16 v1.4 Provides the ifluatex switch (HO)
Package ifluatex Info: LuaTeX not detected.
Package: ifvtex 2016/05/16 v1.6 Detect VTeX and its facilities (HO)
Package ifvtex Info: VTeX not detected.
Package: intcalc 2016/05/16 v1.2 Expandable calculations with integers (HO)
Package: ifpdf 2017/03/15 v3.2 Provides the ifpdf switch
Package: etexcmds 2016/05/16 v1.6 Avoid name clashes with e-TeX commands (HO)
Package etexcmds Info: Could not find \expanded.
(etexcmds)             That can mean that you are not using pdfTeX 1.50 or
(etexcmds)             that some package has redefined \expanded.
(etexcmds)             In the latter case, load this package earlier.
Package: kvsetkeys 2016/05/16 v1.17 Key value parser (HO)
Package: kvdefinekeys 2016/05/16 v1.4 Define keys (HO)
Package: pdftexcmds 2017/03/19 v0.25 Utility functions of pdfTeX for LuaTeX (HO
)
Package pdftexcmds Info: LuaTeX not detected.
Package pdftexcmds Info: \pdf@primitive is available.
Package pdftexcmds Info: \pdf@ifprimitive is available.
Package pdftexcmds Info: \pdfdraftmode found.
Package: pdfescape 2016/05/16 v1.14 Implements pdfTeX's escape features (HO)
Package: bigintcalc 2016/05/16 v1.4 Expandable calculations on big integers (HO
)
Package: bitset 2016/05/16 v1.2 Handle bit-vector datatype (HO)
Package: uniquecounter 2016/05/16 v1.3 Provide unlimited unique counter (HO)
)
Package hobsub Info: Skipping package `hobsub' (already loaded).
Package: letltxmacro 2016/05/16 v1.5 Let assignment for LaTeX macros (HO)
Package: hopatch 2016/05/16 v1.3 Wrapper for package hooks (HO)
Package: xcolor-patch 2016/05/16 xcolor patch
Package: atveryend 2016/05/16 v1.9 Hooks at the very end of document (HO)
Package atveryend Info: \enddocument detected (standard20110627).
Package: atbegshi 2016/06/09 v1.18 At begin shipout hook (HO)
Package: refcount 2016/05/16 v3.5 Data extraction from label references (HO)
Package: hycolor 2016/05/16 v1.8 Color options for hyperref/bookmark (HO)
)
(/usr/local/texlive/2017/texmf-dist/tex/generic/ifxetex/ifxetex.sty
Package: ifxetex 2010/09/12 v0.6 Provides ifxetex conditional
)
(/usr/local/texlive/2017/texmf-dist/tex/latex/oberdiek/auxhook.sty
Package: auxhook 2016/05/16 v1.4 Hooks for auxiliary files (HO)
)
(/usr/local/texlive/2017/texmf-dist/tex/latex/oberdiek/kvoptions.sty
Package: kvoptions 2016/05/16 v3.12 Key value format for package options (HO)
)
\@linkdim=\dimen168
\Hy@linkcounter=\count167
\Hy@pagecounter=\count168

(/usr/local/texlive/2017/texmf-dist/tex/latex/hyperref/pd1enc.def
File: pd1enc.def 2017/03/14 v6.85a Hyperref: PDFDocEncoding definition (HO)
)
\Hy@SavedSpaceFactor=\count169

(/usr/local/texlive/2017/texmf-dist/tex/latex/latexconfig/hyperref.cfg
File: hyperref.cfg 2002/06/06 v1.2 hyperref configuration of TeXLive
)
Package hyperref Info: Hyper figures OFF on input line 4498.
Package hyperref Info: Link nesting OFF on input line 4503.
Package hyperref Info: Hyper index ON on input line 4506.
Package hyperref Info: Plain pages OFF on input line 4513.
Package hyperref Info: Backreferencing OFF on input line 4518.
Package hyperref Info: Implicit mode ON; LaTeX internals redefined.
Package hyperref Info: Bookmarks ON on input line 4751.
\c@Hy@tempcnt=\count170

(/usr/local/texlive/2017/texmf-dist/tex/latex/url/url.sty
\Urlmuskip=\muskip17
Package: url 2013/09/16  ver 3.4  Verb mode for urls, etc.
)
LaTeX Info: Redefining \url on input line 5104.
\XeTeXLinkMargin=\dimen169
\Fld@menulength=\count171
\Field@Width=\dimen170
\Fld@charsize=\dimen171
Package hyperref Info: Hyper figures OFF on input line 6358.
Package hyperref Info: Link nesting OFF on input line 6363.
Package hyperref Info: Hyper index ON on input line 6366.
Package hyperref Info: backreferencing OFF on input line 6373.
Package hyperref Info: Link coloring OFF on input line 6378.
Package hyperref Info: Link coloring with OCG OFF on input line 6383.
Package hyperref Info: PDF/A mode OFF on input line 6388.
LaTeX Info: Redefining \ref on input line 6428.
LaTeX Info: Redefining \pageref on input line 6432.
\Hy@abspage=\count172
\c@Item=\count173
\c@Hfootnote=\count174
)

Package hyperref Message: Driver (autodetected): hpdftex.

(/usr/local/texlive/2017/texmf-dist/tex/latex/hyperref/hpdftex.def
File: hpdftex.def 2017/03/14 v6.85a Hyperref driver for pdfTeX
\Fld@listcount=\count175
\c@bookmark@seq@number=\count176

(/usr/local/texlive/2017/texmf-dist/tex/latex/oberdiek/rerunfilecheck.sty
Package: rerunfilecheck 2016/05/16 v1.8 Rerun checks for auxiliary files (HO)
Package uniquecounter Info: New unique counter `rerunfilecheck' on input line 2
82.
)
\Hy@SectionHShift=\skip60
)
Package hyperref Info: Option `colorlinks' set `true' on input line 49.

(/usr/local/texlive/2017/texmf-dist/tex/latex/glossaries-extra/glossaries-extra
.sty
Package: glossaries-extra 2017/05/10 v1.15 (NLCT)
 (/usr/local/texlive/2017/texmf-dist/tex/latex/xkeyval/xkeyval.sty
Package: xkeyval 2014/12/03 v2.7a package option processing (HA)

(/usr/local/texlive/2017/texmf-dist/tex/generic/xkeyval/xkeyval.tex
(/usr/local/texlive/2017/texmf-dist/tex/generic/xkeyval/xkvutils.tex
\XKV@toks=\toks21
\XKV@tempa@toks=\toks22
)
\XKV@depth=\count177
File: xkeyval.tex 2014/12/03 v2.7a key=value parser (HA)
))
(/usr/local/texlive/2017/texmf-dist/tex/latex/etoolbox/etoolbox.sty
Package: etoolbox 2017/01/02 v2.4 e-TeX tools for LaTeX (JAW)
\etb@tempcnta=\count178
)
\@glsxtr@docdefval=\count179

(/usr/local/texlive/2017/texmf-dist/tex/latex/glossaries/base/glossaries.sty
Package: glossaries 2017/01/19 v4.29 (NLCT)

(/usr/local/texlive/2017/texmf-dist/tex/latex/base/ifthen.sty
Package: ifthen 2014/09/29 v1.1c Standard LaTeX ifthen package (DPC)
)
(/usr/local/texlive/2017/texmf-dist/tex/latex/mfirstuc/mfirstuc.sty
Package: mfirstuc 2016/07/31 v2.04 (NLCT)
\@glsmfirst=\toks23
\@glsmrest=\toks24
)
(/usr/local/texlive/2017/texmf-dist/tex/latex/textcase/textcase.sty
Package: textcase 2004/10/07 v0.07 Text only upper/lower case changing (DPC)
)
(/usr/local/texlive/2017/texmf-dist/tex/latex/xfor/xfor.sty
Package: xfor 2009/02/05 v1.05 (NLCT)
)
(/usr/local/texlive/2017/texmf-dist/tex/latex/datatool/datatool-base.sty
Package: datatool-base 2016/07/28 v2.27 (NLCT)

(/usr/local/texlive/2017/texmf-dist/tex/latex/substr/substr.sty
Package: substr 2009/10/20 v1.2 Handle substrings
\c@su@anzahl=\count180
)
(/usr/local/texlive/2017/texmf-dist/tex/latex/datatool/datatool-fp.sty
Package: datatool-fp 2016/07/28 v2.27 (NLCT)

(/usr/local/texlive/2017/texmf-dist/tex/latex/fp/fp.sty
Package: fp 1995/04/02

`Fixed Point Package', Version 0.8, April 2, 1995 (C) Michael Mehlich
(/usr/local/texlive/2017/texmf-dist/tex/latex/fp/defpattern.sty
Package: defpattern 1994/10/12
\actioncount=\count181
)
(/usr/local/texlive/2017/texmf-dist/tex/latex/fp/fp-basic.sty
Package: fp-basic 1996/05/13
\FP@xs=\count182
\FP@xia=\count183
\FP@xib=\count184
\FP@xfa=\count185
\FP@xfb=\count186
\FP@rega=\count187
\FP@regb=\count188
\FP@regs=\count189
\FP@times=\count190
)
(/usr/local/texlive/2017/texmf-dist/tex/latex/fp/fp-addons.sty
Package: fp-addons 1995/03/15
)
(/usr/local/texlive/2017/texmf-dist/tex/latex/fp/fp-snap.sty
Package: fp-snap 1995/04/05
)
(/usr/local/texlive/2017/texmf-dist/tex/latex/fp/fp-exp.sty
Package: fp-exp 1995/04/03
)
(/usr/local/texlive/2017/texmf-dist/tex/latex/fp/fp-trigo.sty
Package: fp-trigo 1995/04/14
)
(/usr/local/texlive/2017/texmf-dist/tex/latex/fp/fp-pas.sty
Package: fp-pas 1994/08/29
)
(/usr/local/texlive/2017/texmf-dist/tex/latex/fp/fp-random.sty
Package: fp-random 1995/02/23
\FPseed=\count191
)
(/usr/local/texlive/2017/texmf-dist/tex/latex/fp/fp-eqn.sty
Package: fp-eqn 1995/04/03
)
(/usr/local/texlive/2017/texmf-dist/tex/latex/fp/fp-upn.sty
Package: fp-upn 1996/10/21
)
(/usr/local/texlive/2017/texmf-dist/tex/latex/fp/fp-eval.sty
Package: fp-eval 1995/04/03
)))
\@dtl@toks=\toks25
\@dtl@tmpcount=\count192
\dtl@tmplength=\skip61
\dtl@sortresult=\count193
\@dtl@numgrpsepcount=\count194
\@dtl@datatype=\count195
\dtl@codeA=\count196
\dtl@codeB=\count197
\@dtl@foreach@level=\count198
)
(/usr/local/texlive/2017/texmf-dist/tex/latex/glossaries/base/glossaries-compat
ible-307.sty
Package: glossaries-compatible-307 2017/01/19 v4.29 (NLCT)
)
(/usr/local/texlive/2017/texmf-dist/tex/latex/tracklang/tracklang.sty
Package: tracklang 2017/03/25 v1.3.4 (NLCT) Track Languages

(/usr/local/texlive/2017/texmf-dist/tex/generic/tracklang/tracklang.tex))
(/usr/local/texlive/2017/texmf-dist/tex/latex/glossaries-english/glossaries-eng
lish.ldf
File: glossaries-english.ldf 2014/11/23 v1.0
)
\gls@level=\count199
\@gls@tmpb=\toks26
\gls@tmplen=\skip62
\glskeylisttok=\toks27
\glslabeltok=\toks28
\glsshorttok=\toks29
\glslongtok=\toks30

(/usr/local/texlive/2017/texmf-dist/tex/latex/glossaries/styles/glossary-hypern
av.sty
Package: glossary-hypernav 2017/01/19 v4.29 (NLCT)
)
(/usr/local/texlive/2017/texmf-dist/tex/latex/glossaries/styles/glossary-list.s
ty
Package: glossary-list 2017/01/19 v4.29 (NLCT)
\glslistdottedwidth=\skip63
)
(/usr/local/texlive/2017/texmf-dist/tex/latex/glossaries/styles/glossary-long.s
ty
Package: glossary-long 2017/01/19 v4.29 (NLCT)
 (/usr/local/texlive/2017/texmf-dist/tex/latex/tools/longtable.sty
Package: longtable 2014/10/28 v4.11 Multi-page Table package (DPC)
\LTleft=\skip64
\LTright=\skip65
\LTpre=\skip66
\LTpost=\skip67
\LTchunksize=\count266
\LTcapwidth=\dimen172
\LT@head=\box56
\LT@firsthead=\box57
\LT@foot=\box58
\LT@lastfoot=\box59
\LT@cols=\count267
\LT@rows=\count268
\c@LT@tables=\count269
\c@LT@chunks=\count270
\LT@p@ftn=\toks31
)
\glsdescwidth=\skip68
\glspagelistwidth=\skip69
)
(/usr/local/texlive/2017/texmf-dist/tex/latex/glossaries/styles/glossary-super.
sty
Package: glossary-super 2017/01/19 v4.29 (NLCT)
 (/usr/local/texlive/2017/texmf-dist/tex/latex/supertabular/supertabular.sty
Package: supertabular 2004/02/20 v4.1e the supertabular environment
\c@tracingst=\count271
\ST@wd=\dimen173
\ST@rightskip=\skip70
\ST@leftskip=\skip71
\ST@parfillskip=\skip72
\ST@pageleft=\dimen174
\ST@headht=\dimen175
\ST@tailht=\dimen176
\ST@pagesofar=\dimen177
\ST@pboxht=\dimen178
\ST@lineht=\dimen179
\ST@stretchht=\dimen180
\ST@prevht=\dimen181
\ST@toadd=\dimen182
\ST@dimen=\dimen183
\ST@pbox=\box60
))
(/usr/local/texlive/2017/texmf-dist/tex/latex/glossaries/styles/glossary-tree.s
ty
Package: glossary-tree 2017/01/19 v4.29 (NLCT)
\glstreeindent=\skip73
))
\glsxtrresourcecount=\count272
\glsshortpltok=\toks32
\glslongpltok=\toks33
)
\@input{symbols.aux}
\openout2 = `symbols.aux'.

(./symbols.tex) (./main.aux (./contents.aux) (./chap1.aux) (./chap2.aux

LaTeX Warning: Label `eq:hdekf_tau' multiply defined.


LaTeX Warning: Label `eq:hdekf_param_k' multiply defined.

) (./chap3.aux) (./chap4.aux

LaTeX Warning: Label `2' multiply defined.


LaTeX Warning: Label `sub@2' multiply defined.


LaTeX Warning: Label `2' multiply defined.


LaTeX Warning: Label `sub@2' multiply defined.


LaTeX Warning: Label `1' multiply defined.


LaTeX Warning: Label `sub@1' multiply defined.


LaTeX Warning: Label `2' multiply defined.


LaTeX Warning: Label `sub@2' multiply defined.


LaTeX Warning: Label `2' multiply defined.


LaTeX Warning: Label `sub@2' multiply defined.


LaTeX Warning: Label `1' multiply defined.


LaTeX Warning: Label `sub@1' multiply defined.


LaTeX Warning: Label `2' multiply defined.


LaTeX Warning: Label `sub@2' multiply defined.


LaTeX Warning: Label `2' multiply defined.


LaTeX Warning: Label `sub@2' multiply defined.


LaTeX Warning: Label `2' multiply defined.


LaTeX Warning: Label `sub@2' multiply defined.


LaTeX Warning: Label `2' multiply defined.


LaTeX Warning: Label `sub@2' multiply defined.


LaTeX Warning: Label `2' multiply defined.


LaTeX Warning: Label `sub@2' multiply defined.


LaTeX Warning: Label `2' multiply defined.


LaTeX Warning: Label `sub@2' multiply defined.


LaTeX Warning: Label `1' multiply defined.


LaTeX Warning: Label `sub@1' multiply defined.


LaTeX Warning: Label `2' multiply defined.


LaTeX Warning: Label `sub@2' multiply defined.


LaTeX Warning: Label `2' multiply defined.


LaTeX Warning: Label `sub@2' multiply defined.


LaTeX Warning: Label `2' multiply defined.


LaTeX Warning: Label `sub@2' multiply defined.


LaTeX Warning: Label `2' multiply defined.


LaTeX Warning: Label `sub@2' multiply defined.

) (./apx_daw.aux) (./apx_daw_marko.aux

LaTeX Warning: Label `eq:linearsystem' multiply defined.

) (./biblio.aux))
\openout1 = `main.aux'.

LaTeX Font Info:    Checking defaults for OML/cmm/m/it on input line 64.
LaTeX Font Info:    ... okay on input line 64.
LaTeX Font Info:    Checking defaults for T1/cmr/m/n on input line 64.
LaTeX Font Info:    ... okay on input line 64.
LaTeX Font Info:    Checking defaults for OT1/cmr/m/n on input line 64.
LaTeX Font Info:    ... okay on input line 64.
LaTeX Font Info:    Checking defaults for OMS/cmsy/m/n on input line 64.
LaTeX Font Info:    ... okay on input line 64.
LaTeX Font Info:    Checking defaults for OMX/cmex/m/n on input line 64.
LaTeX Font Info:    ... okay on input line 64.
LaTeX Font Info:    Checking defaults for U/cmr/m/n on input line 64.
LaTeX Font Info:    ... okay on input line 64.
LaTeX Font Info:    Checking defaults for PD1/pdf/m/n on input line 64.
LaTeX Font Info:    ... okay on input line 64.

(/usr/local/texlive/2017/texmf-dist/tex/context/base/mkii/supp-pdf.mkii
[Loading MPS to PDF converter (version 2006.09.02).]
\scratchcounter=\count273
\scratchdimen=\dimen184
\scratchbox=\box61
\nofMPsegments=\count274
\nofMParguments=\count275
\everyMPshowfont=\toks34
\MPscratchCnt=\count276
\MPscratchDim=\dimen185
\MPnumerator=\count277
\makeMPintoPDFobject=\count278
\everyMPtoPDFconversion=\toks35
) (/usr/local/texlive/2017/texmf-dist/tex/latex/oberdiek/epstopdf-base.sty
Package: epstopdf-base 2016/05/15 v2.6 Base part for package epstopdf

(/usr/local/texlive/2017/texmf-dist/tex/latex/oberdiek/grfext.sty
Package: grfext 2016/05/16 v1.2 Manage graphics extensions (HO)
)
Package epstopdf-base Info: Redefining graphics rule for `.eps' on input line 4
38.
Package grfext Info: Graphics extension search list:
(grfext)             [.png,.pdf,.jpg,.mps,.jpeg,.jbig2,.jb2,.PNG,.PDF,.JPG,.JPE
G,.JBIG2,.JB2,.eps]
(grfext)             \AppendGraphicsExtensions on input line 456.

(/usr/local/texlive/2017/texmf-dist/tex/latex/latexconfig/epstopdf-sys.cfg
File: epstopdf-sys.cfg 2010/07/13 v1.3 Configuration of (r)epstopdf for TeX Liv
e
))
Package caption Info: Begin \AtBeginDocument code.
Package caption Info: hyperref package is loaded.
Package caption Info: longtable package is loaded.

(/usr/local/texlive/2017/texmf-dist/tex/latex/caption/ltcaption.sty
Package: ltcaption 2013/06/09 v1.4-94 longtable captions (AR)
)
Package caption Info: supertabular package is loaded.
Package caption Info: End \AtBeginDocument code.

(/usr/local/texlive/2017/texmf-dist/tex/latex/beamer/translator/dicts/translato
r-basic-dictionary/translator-basic-dictionary-English.dict
Dictionary: translator-basic-dictionary, Language: English 
)
(/usr/local/texlive/2017/texmf-dist/tex/latex/siunitx/siunitx-abbreviations.cfg
File: siunitx-abbreviations.cfg 2017/05/19 v2.7g siunitx: Abbreviated units
)
\AtBeginShipoutBox=\box62
Package hyperref Info: Link coloring ON on input line 64.
 (/usr/local/texlive/2017/texmf-dist/tex/latex/hyperref/nameref.sty
Package: nameref 2016/05/21 v2.44 Cross-referencing by name of section

(/usr/local/texlive/2017/texmf-dist/tex/generic/oberdiek/gettitlestring.sty
Package: gettitlestring 2016/05/16 v1.5 Cleanup title references (HO)
)
\c@section@level=\count279
)
LaTeX Info: Redefining \ref on input line 64.
LaTeX Info: Redefining \pageref on input line 64.
LaTeX Info: Redefining \nameref on input line 64.

(./main.out) (./main.out)
\@outlinefile=\write3
\openout3 = `main.out'.

\c__siunitx_mathsf_int=\count280
<<ot1.cmap>><<oml.cmap>><<oms.cmap>><<omx.cmap>>
\c__siunitx_mathtt_int=\count281
<<ot1tt.cmap>> [1



{/usr/local/texlive/2017/texmf-var/fonts/map/pdftex/updmap/pdftex.map}] [2]
\openout2 = `contents.aux'.

 (./contents.tex (./main.toc [3


])
\tf@toc=\write4
\openout4 = `main.toc'.

 [4]) [5


]
\openout2 = `chap1.aux'.

 (./chap1.tex [6



]
Chapter 1.
[7]
Underfull \vbox (badness 5652) has occurred while \output is active []

 [8]
Overfull \hbox (4.47443pt too wide) in paragraph at lines 15--16
[]\T1/cmr/m/n/12 Chapter 2 cov-ers the meth-ods be-hind the Dual State Hi-er-ar
-chi-cal En-sem-ble Kalman
 []

) [9]
\openout2 = `chap2.aux'.

 (./chap2.tex [10



]
Chapter 2.
[11]
Underfull \vbox (badness 10000) has occurred while \output is active []

 [12]
[13] [14] [15]) [16]
\openout2 = `chap3.aux'.

 (./chap3.tex
Chapter 3.

LaTeX Warning: No positions in optional float specifier.
               Default added (so using `tbp') on input line 13.


Underfull \vbox (badness 1231) has occurred while \output is active []

 [17



]

LaTeX Warning: No positions in optional float specifier.
               Default added (so using `tbp') on input line 29.


LaTeX Warning: No positions in optional float specifier.
               Default added (so using `tbp') on input line 44.

[18]

LaTeX Warning: No positions in optional float specifier.
               Default added (so using `tbp') on input line 70.

<stations.png, id=403, 847.66183pt x 599.4301pt>
File: stations.png Graphic file (type png)
 <use stations.png>
Package pdftex.def Info: stations.png used on input line 82.
(pdftex.def)             Requested size: 411.93767pt x 291.29948pt.


LaTeX Warning: `h' float specifier changed to `ht'.

<./images/huc8.png, id=408, 847.66183pt x 599.4301pt>
File: ./images/huc8.png Graphic file (type png)
 <use ./images/huc8.png>
Package pdftex.def Info: ./images/huc8.png used on input line 93.
(pdftex.def)             Requested size: 411.93767pt x 291.29948pt.


LaTeX Warning: `h' float specifier changed to `ht'.

<./images/huc4.png, id=409, 847.66183pt x 599.4301pt>
File: ./images/huc4.png Graphic file (type png)
 <use ./images/huc4.png>
Package pdftex.def Info: ./images/huc4.png used on input line 100.
(pdftex.def)             Requested size: 411.93767pt x 291.29948pt.


LaTeX Warning: `h' float specifier changed to `ht'.


Underfull \vbox (badness 2762) has occurred while \output is active []

 [19]
Underfull \vbox (badness 3536) has occurred while \output is active []

 [20 <./stations.png>]
Underfull \vbox (badness 10000) has occurred while \output is active []

 [21 <./images/huc8.png>] [22 <./images/huc4.png>]) [23]
\openout2 = `chap4.aux'.

 (./chap4.tex [24



]
Chapter 4.
LaTeX Font Info:    Try loading font information for T1+cmtt on input line 15.
(/usr/local/texlive/2017/texmf-dist/tex/latex/base/t1cmtt.fd
File: t1cmtt.fd 2014/09/29 v2.5h Standard LaTeX font definitions
) [25]
<./images/bad_gw.png, id=460, 462.528pt x 346.896pt>
File: ./images/bad_gw.png Graphic file (type png)
 <use ./images/bad_gw.png>
Package pdftex.def Info: ./images/bad_gw.png used on input line 23.
(pdftex.def)             Requested size: 212.47287pt x 159.35707pt.

<./images/good_gw.png, id=461, 462.528pt x 346.896pt>
File: ./images/good_gw.png Graphic file (type png)

<use ./images/good_gw.png>
Package pdftex.def Info: ./images/good_gw.png used on input line 29.
(pdftex.def)             Requested size: 203.80193pt x 152.85173pt.

Underfull \vbox (badness 10000) has occurred while \output is active []

 [26 <./images/bad_gw.png> <./images/good_gw.png>]
<./images/smallds_str_state_241.png, id=472, 642.4pt x 481.8pt>
File: ./images/smallds_str_state_241.png Graphic file (type png)

<use ./images/smallds_str_state_241.png>
Package pdftex.def Info: ./images/smallds_str_state_241.png used on input line 
51.
(pdftex.def)             Requested size: 140.23285pt x 105.17293pt.

<./images/smallds_str_state_244.png, id=473, 642.4pt x 481.8pt>
File: ./images/smallds_str_state_244.png Graphic file (type png)

<use ./images/smallds_str_state_244.png>
Package pdftex.def Info: ./images/smallds_str_state_244.png used on input line 
56.
(pdftex.def)             Requested size: 140.23285pt x 105.17293pt.

<./images/smallds_str_state_248.png, id=474, 642.4pt x 481.8pt>
File: ./images/smallds_str_state_248.png Graphic file (type png)

<use ./images/smallds_str_state_248.png>
Package pdftex.def Info: ./images/smallds_str_state_248.png used on input line 
61.
(pdftex.def)             Requested size: 140.23285pt x 105.17293pt.
 [27 <./images/smallds_str_state_241.png> <./images/smallds_str_state_244.png> 
<./images/smallds_str_state_248.png>]
<./images/smallds_gw_state_241.png, id=490, 462.528pt x 346.896pt>
File: ./images/smallds_gw_state_241.png Graphic file (type png)

<use ./images/smallds_gw_state_241.png>
Package pdftex.def Info: ./images/smallds_gw_state_241.png used on input line 7
6.
(pdftex.def)             Requested size: 140.23285pt x 105.17587pt.

<./images/smallds_gw_state_244.png, id=491, 462.528pt x 346.896pt>
File: ./images/smallds_gw_state_244.png Graphic file (type png)

<use ./images/smallds_gw_state_244.png>
Package pdftex.def Info: ./images/smallds_gw_state_244.png used on input line 8
1.
(pdftex.def)             Requested size: 140.23285pt x 105.17587pt.

<./images/smallds_gw_state_248.png, id=492, 462.528pt x 346.896pt>
File: ./images/smallds_gw_state_248.png Graphic file (type png)

<use ./images/smallds_gw_state_248.png>
Package pdftex.def Info: ./images/smallds_gw_state_248.png used on input line 8
6.
(pdftex.def)             Requested size: 140.23285pt x 105.17587pt.


Package caption Warning: \label without proper reference on input line 117.
See the caption package documentation for explanation.


LaTeX Warning: Reference `fig:cks_small' on page 28 undefined on input line 93.


<./images/str_innovation_small.png, id=494, 462.528pt x 346.896pt>
File: ./images/str_innovation_small.png Graphic file (type png)

<use ./images/str_innovation_small.png>
Package pdftex.def Info: ./images/str_innovation_small.png used on input line 9
7.
(pdftex.def)             Requested size: 216.81pt x 162.60709pt.

<./images/smallds_ck0_241.png, id=495, 722.7pt x 722.7pt>
File: ./images/smallds_ck0_241.png Graphic file (type png)

<use ./images/smallds_ck0_241.png>
Package pdftex.def Info: ./images/smallds_ck0_241.png used on input line 106.
(pdftex.def)             Requested size: 143.09538pt x 143.09283pt.

<./images/smallds_ck1_241.png, id=496, 722.7pt x 722.7pt>
File: ./images/smallds_ck1_241.png Graphic file (type png)

<use ./images/smallds_ck1_241.png>
Package pdftex.def Info: ./images/smallds_ck1_241.png used on input line 107.
(pdftex.def)             Requested size: 143.09538pt x 143.09283pt.

<./images/smallds_ck2_241.png, id=497, 722.7pt x 722.7pt>
File: ./images/smallds_ck2_241.png Graphic file (type png)

<use ./images/smallds_ck2_241.png>
Package pdftex.def Info: ./images/smallds_ck2_241.png used on input line 108.
(pdftex.def)             Requested size: 143.09538pt x 143.09283pt.

<./images/smallds_ck0_244.png, id=498, 722.7pt x 722.7pt>
File: ./images/smallds_ck0_244.png Graphic file (type png)

<use ./images/smallds_ck0_244.png>
Package pdftex.def Info: ./images/smallds_ck0_244.png used on input line 109.
(pdftex.def)             Requested size: 143.09538pt x 143.09283pt.

<./images/smallds_ck1_244.png, id=499, 722.7pt x 722.7pt>
File: ./images/smallds_ck1_244.png Graphic file (type png)

<use ./images/smallds_ck1_244.png>
Package pdftex.def Info: ./images/smallds_ck1_244.png used on input line 110.
(pdftex.def)             Requested size: 143.09538pt x 143.09283pt.

<./images/smallds_ck2_244.png, id=500, 722.7pt x 722.7pt>
File: ./images/smallds_ck2_244.png Graphic file (type png)

<use ./images/smallds_ck2_244.png>
Package pdftex.def Info: ./images/smallds_ck2_244.png used on input line 111.
(pdftex.def)             Requested size: 143.09538pt x 143.09283pt.

<./images/smallds_ck0_248.png, id=501, 722.7pt x 722.7pt>
File: ./images/smallds_ck0_248.png Graphic file (type png)

<use ./images/smallds_ck0_248.png>
Package pdftex.def Info: ./images/smallds_ck0_248.png used on input line 112.
(pdftex.def)             Requested size: 143.09538pt x 143.09283pt.

<./images/smallds_ck1_248.png, id=502, 722.7pt x 722.7pt>
File: ./images/smallds_ck1_248.png Graphic file (type png)

<use ./images/smallds_ck1_248.png>
Package pdftex.def Info: ./images/smallds_ck1_248.png used on input line 113.
(pdftex.def)             Requested size: 143.09538pt x 143.09283pt.

<./images/smallds_ck2_248.png, id=503, 722.7pt x 722.7pt>
File: ./images/smallds_ck2_248.png Graphic file (type png)

<use ./images/smallds_ck2_248.png>
Package pdftex.def Info: ./images/smallds_ck2_248.png used on input line 114.
(pdftex.def)             Requested size: 143.09538pt x 143.09283pt.

Overfull \hbox (31.66615pt too wide) in paragraph at lines 104--118
[][]
 []


LaTeX Warning: No positions in optional float specifier.
               Default added (so using `tbp') on input line 121.


Overfull \hbox (77.61029pt too wide) in paragraph at lines 123--139
[][]
 []

<./images/smallds_swe_state_241.png, id=504, 462.528pt x 346.896pt>
File: ./images/smallds_swe_state_241.png Graphic file (type png)

<use ./images/smallds_swe_state_241.png>
Package pdftex.def Info: ./images/smallds_swe_state_241.png used on input line 
147.
(pdftex.def)             Requested size: 140.23285pt x 105.17587pt.

<./images/smallds_swe_state_244.png, id=505, 462.528pt x 346.896pt>
File: ./images/smallds_swe_state_244.png Graphic file (type png)

<use ./images/smallds_swe_state_244.png>
Package pdftex.def Info: ./images/smallds_swe_state_244.png used on input line 
152.
(pdftex.def)             Requested size: 140.23285pt x 105.17587pt.

<./images/smallds_swe_state_248.png, id=506, 462.528pt x 346.896pt>
File: ./images/smallds_swe_state_248.png Graphic file (type png)

<use ./images/smallds_swe_state_248.png>
Package pdftex.def Info: ./images/smallds_swe_state_248.png used on input line 
157.
(pdftex.def)             Requested size: 140.23285pt x 105.17587pt.
 [28 <./images/smallds_gw_state_241.png> <./images/smallds_gw_state_244.png> <.
/images/smallds_gw_state_248.png> <./images/str_innovation_small.png>] [29 <./i
mages/smallds_ck0_241.png> <./images/smallds_ck1_241.png> <./images/smallds_ck2
_241.png> <./images/smallds_ck0_244.png> <./images/smallds_ck1_244.png> <./imag
es/smallds_ck2_244.png> <./images/smallds_ck0_248.png> <./images/smallds_ck1_24
8.png> <./images/smallds_ck2_248.png>]
<./images/swe_innovation_small.png, id=533, 462.528pt x 346.896pt>
File: ./images/swe_innovation_small.png Graphic file (type png)

<use ./images/swe_innovation_small.png>
Package pdftex.def Info: ./images/swe_innovation_small.png used on input line 1
67.
(pdftex.def)             Requested size: 216.81pt x 162.60709pt.


LaTeX Warning: `h' float specifier changed to `ht'.


Package caption Warning: \label without proper reference on input line 199.
See the caption package documentation for explanation.


LaTeX Warning: Reference `fig:swe_params_small' on page 30 undefined on input l
ine 172.

<./images/smallds_ddf_241.png, id=538, 722.7pt x 722.7pt>
File: ./images/smallds_ddf_241.png Graphic file (type png)

<use ./images/smallds_ddf_241.png>
Package pdftex.def Info: ./images/smallds_ddf_241.png used on input line 179.
(pdftex.def)             Requested size: 208.13574pt x 208.13303pt.

<./images/smallds_pp_241.png, id=539, 722.7pt x 722.7pt>
File: ./images/smallds_pp_241.png Graphic file (type png)

<use ./images/smallds_pp_241.png>
Package pdftex.def Info: ./images/smallds_pp_241.png used on input line 180.
(pdftex.def)             Requested size: 208.13574pt x 208.13303pt.

<./images/smallds_ddf_244.png, id=540, 722.7pt x 722.7pt>
File: ./images/smallds_ddf_244.png Graphic file (type png)

<use ./images/smallds_ddf_244.png>
Package pdftex.def Info: ./images/smallds_ddf_244.png used on input line 181.
(pdftex.def)             Requested size: 208.13574pt x 208.13303pt.

<./images/smallds_pp_244.png, id=541, 722.7pt x 722.7pt>
File: ./images/smallds_pp_244.png Graphic file (type png)

<use ./images/smallds_pp_244.png>
Package pdftex.def Info: ./images/smallds_pp_244.png used on input line 182.
(pdftex.def)             Requested size: 208.13574pt x 208.13303pt.

<./images/smallds_ddf_248.png, id=542, 722.7pt x 722.7pt>
File: ./images/smallds_ddf_248.png Graphic file (type png)

<use ./images/smallds_ddf_248.png>
Package pdftex.def Info: ./images/smallds_ddf_248.png used on input line 183.
(pdftex.def)             Requested size: 208.13574pt x 208.13303pt.

<./images/smallds_pp_248.png, id=543, 722.7pt x 722.7pt>
File: ./images/smallds_pp_248.png Graphic file (type png)

<use ./images/smallds_pp_248.png>
Package pdftex.def Info: ./images/smallds_pp_248.png used on input line 184.
(pdftex.def)             Requested size: 208.13574pt x 208.13303pt.

Overfull \hbox (6.65149pt too wide) in paragraph at lines 177--188
[][]
 []


LaTeX Warning: Float too large for page by 58.26904pt on input line 189.

<./images/group17swe_ddf_small.png, id=544, 722.7pt x 722.7pt>
File: ./images/group17swe_ddf_small.png Graphic file (type png)

<use ./images/group17swe_ddf_small.png>
Package pdftex.def Info: ./images/group17swe_ddf_small.png used on input line 1
94.
(pdftex.def)             Requested size: 208.13574pt x 208.13303pt.

<./images/group17swe_pp_small.png, id=545, 722.7pt x 722.7pt>
File: ./images/group17swe_pp_small.png Graphic file (type png)

<use ./images/group17swe_pp_small.png>
Package pdftex.def Info: ./images/group17swe_pp_small.png used on input line 19
5.
(pdftex.def)             Requested size: 208.13574pt x 208.13303pt.

Overfull \hbox (6.65149pt too wide) in paragraph at lines 192--198
[][]
 []

[30 <./images/smallds_swe_state_241.png> <./images/smallds_swe_state_244.png> <
./images/smallds_swe_state_248.png>]
<./images/ds_str_state_296.png, id=559, 462.528pt x 346.896pt>
File: ./images/ds_str_state_296.png Graphic file (type png)

<use ./images/ds_str_state_296.png>
Package pdftex.def Info: ./images/ds_str_state_296.png used on input line 215.
(pdftex.def)             Requested size: 203.97214pt x 152.97876pt.

<./images/ds_str_state_296_innovation.png, id=560, 462.528pt x 346.896pt>
File: ./images/ds_str_state_296_innovation.png Graphic file (type png)

<use ./images/ds_str_state_296_innovation.png>
Package pdftex.def Info: ./images/ds_str_state_296_innovation.png used on input
 line 220.
(pdftex.def)             Requested size: 203.97214pt x 152.97876pt.

Underfull \vbox (badness 10000) has occurred while \output is active []

 [31 <./images/swe_innovation_small.png>] [32 <./images/smallds_ddf_241.png> <.
/images/smallds_pp_241.png> <./images/smallds_ddf_244.png> <./images/smallds_pp
_244.png> <./images/smallds_ddf_248.png> <./images/smallds_pp_248.png>] [33 <./
images/group17swe_ddf_small.png> <./images/group17swe_pp_small.png> <./images/d
s_str_state_296.png> <./images/ds_str_state_296_innovation.png>]

Package caption Warning: \label without proper reference on input line 298.
See the caption package documentation for explanation.


LaTeX Warning: Reference `fig:swe_params' on page 34 undefined on input line 23
2.


Package caption Warning: \label without proper reference on input line 199.
See the caption package documentation for explanation.


LaTeX Warning: Reference `fig:swe_params_small' on page 34 undefined on input l
ine 232.

<./images/ds_swe_state_241.png, id=590, 462.528pt x 346.896pt>
File: ./images/ds_swe_state_241.png Graphic file (type png)

<use ./images/ds_swe_state_241.png>
Package pdftex.def Info: ./images/ds_swe_state_241.png used on input line 238.
(pdftex.def)             Requested size: 140.23285pt x 105.17587pt.

<./images/ds_swe_state_302.png, id=591, 462.528pt x 346.896pt>
File: ./images/ds_swe_state_302.png Graphic file (type png)

<use ./images/ds_swe_state_302.png>
Package pdftex.def Info: ./images/ds_swe_state_302.png used on input line 243.
(pdftex.def)             Requested size: 140.23285pt x 105.17587pt.

<./images/ds_swe_state_305.png, id=592, 462.528pt x 346.896pt>
File: ./images/ds_swe_state_305.png Graphic file (type png)

<use ./images/ds_swe_state_305.png>
Package pdftex.def Info: ./images/ds_swe_state_305.png used on input line 248.
(pdftex.def)             Requested size: 140.23285pt x 105.17587pt.

<./images/ds_swe_state_193.png, id=593, 462.528pt x 346.896pt>
File: ./images/ds_swe_state_193.png Graphic file (type png)

<use ./images/ds_swe_state_193.png>
Package pdftex.def Info: ./images/ds_swe_state_193.png used on input line 259.
(pdftex.def)             Requested size: 203.97214pt x 152.97876pt.

<./images/ds_swe_state_193_innovation.png, id=594, 462.528pt x 346.896pt>
File: ./images/ds_swe_state_193_innovation.png Graphic file (type png)

<use ./images/ds_swe_state_193_innovation.png>
Package pdftex.def Info: ./images/ds_swe_state_193_innovation.png used on input
 line 264.
(pdftex.def)             Requested size: 203.97214pt x 152.97876pt.

<./images/ds_ddf_193.png, id=595, 722.7pt x 722.7pt>
File: ./images/ds_ddf_193.png Graphic file (type png)

<use ./images/ds_ddf_193.png>
Package pdftex.def Info: ./images/ds_ddf_193.png used on input line 275.
(pdftex.def)             Requested size: 207.92613pt x 207.92351pt.

<./images/ds_pp_193.png, id=596, 722.7pt x 722.7pt>
File: ./images/ds_pp_193.png Graphic file (type png)

<use ./images/ds_pp_193.png>
Package pdftex.def Info: ./images/ds_pp_193.png used on input line 280.
(pdftex.def)             Requested size: 207.92613pt x 207.92351pt.

<./images/group10swe_ddf.png, id=597, 722.7pt x 722.7pt>
File: ./images/group10swe_ddf.png Graphic file (type png)

<use ./images/group10swe_ddf.png>
Package pdftex.def Info: ./images/group10swe_ddf.png used on input line 290.
(pdftex.def)             Requested size: 208.13574pt x 208.13303pt.

<./images/group10swe_pp.png, id=598, 722.7pt x 722.7pt>
File: ./images/group10swe_pp.png Graphic file (type png)

<use ./images/group10swe_pp.png>
Package pdftex.def Info: ./images/group10swe_pp.png used on input line 291.
(pdftex.def)             Requested size: 208.13574pt x 208.13303pt.

<./images/group17swe_ddf.png, id=599, 722.7pt x 722.7pt>
File: ./images/group17swe_ddf.png Graphic file (type png)

<use ./images/group17swe_ddf.png>
Package pdftex.def Info: ./images/group17swe_ddf.png used on input line 292.
(pdftex.def)             Requested size: 208.13574pt x 208.13303pt.

<./images/group17swe_pp.png, id=600, 722.7pt x 722.7pt>
File: ./images/group17swe_pp.png Graphic file (type png)

<use ./images/group17swe_pp.png>
Package pdftex.def Info: ./images/group17swe_pp.png used on input line 293.
(pdftex.def)             Requested size: 208.13574pt x 208.13303pt.

Overfull \hbox (6.65149pt too wide) in paragraph at lines 288--297
[][]
 []

<./images/327str_1yr125i.png, id=601, 642.4pt x 481.8pt>
File: ./images/327str_1yr125i.png Graphic file (type png)

<use ./images/327str_1yr125i.png>
Package pdftex.def Info: ./images/327str_1yr125i.png used on input line 304.
(pdftex.def)             Requested size: 207.92613pt x 155.94354pt.

<./images/327str_2yr80i.png, id=602, 642.4pt x 481.8pt>
File: ./images/327str_2yr80i.png Graphic file (type png)

<use ./images/327str_2yr80i.png>
Package pdftex.def Info: ./images/327str_2yr80i.png used on input line 309.
(pdftex.def)             Requested size: 207.92613pt x 155.94354pt.
) [34 <./images/ds_swe_state_241.png> <./images/ds_swe_state_302.png> <./images
/ds_swe_state_305.png> <./images/ds_swe_state_193.png> <./images/ds_swe_state_1
93_innovation.png>] [35 <./images/ds_ddf_193.png> <./images/ds_pp_193.png>] [36
 <./images/group10swe_ddf.png> <./images/group10swe_pp.png> <./images/group17sw
e_ddf.png> <./images/group17swe_pp.png>]
[37 <./images/327str_1yr125i.png> <./images/327str_2yr80i.png>]
\openout2 = `apx_daw.aux'.

 (./apx_daw.tex
[38



]
Appendix A.

Package hyperref Warning: Difference (2) between bookmark levels is greater 
(hyperref)                than one, level fixed on input line 6.

[39]

LaTeX Warning: No positions in optional float specifier.
               Default added (so using `tbp') on input line 11.

[40] [41] [42]
Underfull \vbox (badness 10000) has occurred while \output is active []

 [43]
[44])
Underfull \vbox (badness 2772) has occurred while \output is active []

 [45]
[46]
\openout2 = `apx_daw_marko.aux'.

 (./apx_daw_marko.tex
Appendix B.

LaTeX Warning: Citation `Bergstrom1995' on page 47 undefined on input line 12.


LaTeX Warning: Citation `Bergstrom1973' on page 47 undefined on input line 12.


LaTeX Warning: Citation `Chow1988' on page 47 undefined on input line 12.


Package hyperref Warning: Difference (2) between bookmark levels is greater 
(hyperref)                than one, level fixed on input line 14.


LaTeX Warning: Citation `Bergstrom1995' on page 47 undefined on input line 16.


LaTeX Warning: Citation `Bergstrom1973' on page 47 undefined on input line 16.

[47



] [48]
Underfull \vbox (badness 10000) has occurred while \output is active []

 [49]
Overfull \hbox (2.58868pt too wide) in paragraph at lines 80--81
 []\T1/cmr/bx/n/12 Percolation and runoff gen-er-a-tion[] \T1/cmr/m/n/12 Ex-ces
s wa-ter in the top-soil and in two ground-
 []


Underfull \vbox (badness 2253) has occurred while \output is active []

 [50]
Underfull \vbox (badness 10000) has occurred while \output is active []

 [51]
Underfull \vbox (badness 7540) has occurred while \output is active []

 [52])
[53]
\openout2 = `biblio.aux'.

 (./biblio.tex (./main.bbl [54



] [55] [56] [57])) [58]
Package atveryend Info: Empty hook `BeforeClearDocument' on input line 102.
Package atveryend Info: Empty hook `AfterLastShipout' on input line 102.
 (./main.aux
(./contents.aux) (./chap1.aux) (./chap2.aux) (./chap3.aux) (./chap4.aux)
(./apx_daw.aux) (./apx_daw_marko.aux) (./biblio.aux))
Package atveryend Info: Executing hook `AtVeryEndDocument' on input line 102.
Package atveryend Info: Executing hook `AtEndAfterFileList' on input line 102.
Package rerunfilecheck Info: File `main.out' has not changed.
(rerunfilecheck)             Checksum: 8E1D2AFE900FF335F83E45F0E92140B5;2596.


LaTeX Warning: There were undefined references.


LaTeX Warning: There were multiply-defined labels.

Package atveryend Info: Empty hook `AtVeryVeryEnd' on input line 102.
 ) 
Here is how much of TeX's memory you used:
 24789 strings out of 492995
 474407 string characters out of 6132704
 577162 words of memory out of 5000000
 27648 multiletter control sequences out of 15000+600000
 21716 words of font info for 55 fonts, out of 8000000 for 9000
 1141 hyphenation exceptions out of 8191
 52i,15n,86p,10383b,857s stack positions out of 5000i,500n,10000p,200000b,80000s
{/usr/local/texlive/2017/texmf-dist/fonts/enc/dvips/cm-super/cm-super-t1.enc}
</usr/local/texlive/2017/texmf-dist/fonts/type1/public/amsfonts/cm/cmbx12.pfb><
/usr/local/texlive/2017/texmf-dist/fonts/type1/public/amsfonts/cm/cmbx8.pfb></u
sr/local/texlive/2017/texmf-dist/fonts/type1/public/amsfonts/cm/cmex10.pfb></us
r/local/texlive/2017/texmf-dist/fonts/type1/public/amsfonts/cm/cmmi12.pfb></usr
/local/texlive/2017/texmf-dist/fonts/type1/public/amsfonts/cm/cmmi6.pfb></usr/l
ocal/texlive/2017/texmf-dist/fonts/type1/public/amsfonts/cm/cmmi8.pfb></usr/loc
al/texlive/2017/texmf-dist/fonts/type1/public/amsfonts/cm/cmr12.pfb></usr/local
/texlive/2017/texmf-dist/fonts/type1/public/amsfonts/cm/cmr6.pfb></usr/local/te
xlive/2017/texmf-dist/fonts/type1/public/amsfonts/cm/cmr8.pfb></usr/local/texli
ve/2017/texmf-dist/fonts/type1/public/amsfonts/cm/cmsy10.pfb></usr/local/texliv
e/2017/texmf-dist/fonts/type1/public/amsfonts/cm/cmsy8.pfb></usr/local/texlive/
2017/texmf-dist/fonts/type1/public/cm-super/sfbx1200.pfb></usr/local/texlive/20
17/texmf-dist/fonts/type1/public/cm-super/sfbx1440.pfb></usr/local/texlive/2017
/texmf-dist/fonts/type1/public/cm-super/sfbx1728.pfb></usr/local/texlive/2017/t
exmf-dist/fonts/type1/public/cm-super/sfbx2488.pfb></usr/local/texlive/2017/tex
mf-dist/fonts/type1/public/cm-super/sfrm1095.pfb></usr/local/texlive/2017/texmf
-dist/fonts/type1/public/cm-super/sfrm1200.pfb></usr/local/texlive/2017/texmf-d
ist/fonts/type1/public/cm-super/sfrm1440.pfb></usr/local/texlive/2017/texmf-dis
t/fonts/type1/public/cm-super/sfrm2074.pfb></usr/local/texlive/2017/texmf-dist/
fonts/type1/public/cm-super/sfti1200.pfb></usr/local/texlive/2017/texmf-dist/fo
nts/type1/public/cm-super/sftt1095.pfb></usr/local/texlive/2017/texmf-dist/font
s/type1/public/cm-super/sftt1200.pfb>
Output written on main.pdf (58 pages, 4098982 bytes).
PDF statistics:
 944 PDF objects out of 1000 (max. 8388607)
 752 compressed objects within 8 object streams
 262 named destinations out of 1000 (max. 500000)
 553 words of extra memory for PDF output out of 10000 (max. 10000000)

