\BOOKMARK [1][-]{section.0.1}{Abstract}{}% 1
\BOOKMARK [0][-]{chapter.1}{Introduction}{}% 2
\BOOKMARK [0][-]{chapter.2}{The Hierarchical Dual Ensemble Kalman Filter Method}{}% 3
\BOOKMARK [1][-]{section.2.1}{General Dynamic Model and Observations}{chapter.2}% 4
\BOOKMARK [1][-]{section.2.2}{DEnHKF Method}{chapter.2}% 5
\BOOKMARK [2][-]{subsection.2.2.1}{Prediction Phase}{section.2.2}% 6
\BOOKMARK [2][-]{subsection.2.2.2}{Parameter Correction Phase}{section.2.2}% 7
\BOOKMARK [2][-]{subsection.2.2.3}{State Correction Phase}{section.2.2}% 8
\BOOKMARK [0][-]{chapter.3}{Application of DEnHKF to Hydrologic Model}{}% 9
\BOOKMARK [1][-]{section.3.1}{The Hydrologic Model}{chapter.3}% 10
\BOOKMARK [2][-]{subsection.3.1.1}{Input Data}{section.3.1}% 11
\BOOKMARK [2][-]{subsection.3.1.2}{Calibrated Parameters}{section.3.1}% 12
\BOOKMARK [1][-]{section.3.2}{Observation Data}{chapter.3}% 13
\BOOKMARK [1][-]{section.3.3}{Catchment Data and Hierarchical Groups}{chapter.3}% 14
\BOOKMARK [1][-]{section.3.4}{Filter Modifications}{chapter.3}% 15
\BOOKMARK [2][-]{subsection.3.4.1}{Parameter Ranges}{section.3.4}% 16
\BOOKMARK [2][-]{subsection.3.4.2}{Normalization Feature}{section.3.4}% 17
\BOOKMARK [1][-]{section.3.5}{Small Testset}{chapter.3}% 18
\BOOKMARK [0][-]{chapter.4}{Results}{}% 19
\BOOKMARK [1][-]{section.4.1}{Perturation of States}{chapter.4}% 20
\BOOKMARK [2][-]{subsection.4.1.1}{Perturbation of Groundwater States}{section.4.1}% 21
\BOOKMARK [2][-]{subsection.4.1.2}{Continuous perturbation of streamflow and swe states}{section.4.1}% 22
\BOOKMARK [1][-]{section.4.2}{Small dataset}{chapter.4}% 23
\BOOKMARK [0][-]{appendix.A}{The Hydrologic Model}{}% 24
\BOOKMARK [1][-]{subsection.A.0.1}{Rainfall Runoff component}{appendix.A}% 25
\BOOKMARK [2][-]{subsection.A.0.2}{Routing component}{subsection.A.0.1}% 26
\BOOKMARK [0][-]{appendix.B}{daWUAPhydroengine}{}% 27
\BOOKMARK [1][-]{subsection.B.0.1}{Rainfall Runoff component}{appendix.B}% 28
\BOOKMARK [2][-]{subsection.B.0.2}{Routing component}{subsection.B.0.1}% 29
