\BOOKMARK [0][-]{chapter*.3}{Symbols}{}% 1
\BOOKMARK [0][-]{chapter.1}{Introduction}{}% 2
\BOOKMARK [1][-]{section.1.1}{Introduction}{chapter.1}% 3
\BOOKMARK [0][-]{chapter.2}{Introduction}{}% 4
\BOOKMARK [1][-]{section.2.1}{Background}{chapter.2}% 5
\BOOKMARK [1][-]{section.2.2}{Motivation}{chapter.2}% 6
\BOOKMARK [1][-]{section.2.3}{Design Constraints}{chapter.2}% 7
\BOOKMARK [1][-]{section.2.4}{Contributions}{chapter.2}% 8
\BOOKMARK [1][-]{section.2.5}{Thesis Organization}{chapter.2}% 9
\BOOKMARK [0][-]{chapter.3}{Theory}{}% 10
\BOOKMARK [1][-]{section.3.1}{The History of Kalman Filters}{chapter.3}% 11
\BOOKMARK [1][-]{section.3.2}{The Linear Kalman Filter}{chapter.3}% 12
\BOOKMARK [2][-]{subsection.3.2.1}{Algorithm}{section.3.2}% 13
\BOOKMARK [1][-]{section.3.3}{The Dual Ensemble Kalman Filter}{chapter.3}% 14
\BOOKMARK [2][-]{subsection.3.3.1}{Prediction Phase}{section.3.3}% 15
\BOOKMARK [2][-]{subsection.3.3.2}{Parameter Correction Phase}{section.3.3}% 16
\BOOKMARK [2][-]{subsection.3.3.3}{State Correction Phase}{section.3.3}% 17
\BOOKMARK [0][-]{chapter.4}{Kernel Smoothing Improvments}{}% 18
\BOOKMARK [1][-]{section.4.1}{Moving Window}{chapter.4}% 19
\BOOKMARK [0][-]{chapter.5}{Example}{}% 20
\BOOKMARK [1][-]{section.5.1}{Motivations for micro-optimization}{chapter.5}% 21
\BOOKMARK [1][-]{section.5.2}{Description of micro-optimization}{chapter.5}% 22
\BOOKMARK [2][-]{subsection.5.2.1}{Post Multiply Normalization}{section.5.2}% 23
\BOOKMARK [2][-]{subsection.5.2.2}{Block Exponent}{section.5.2}% 24
\BOOKMARK [1][-]{section.5.3}{Integer optimizations}{chapter.5}% 25
\BOOKMARK [2][-]{subsection.5.3.1}{Conversion to fixed point}{section.5.3}% 26
\BOOKMARK [2][-]{subsection.5.3.2}{Small Constant Multiplications}{section.5.3}% 27
\BOOKMARK [1][-]{section.5.4}{Other optimizations}{chapter.5}% 28
\BOOKMARK [2][-]{subsection.5.4.1}{Low-level parallelism}{section.5.4}% 29
\BOOKMARK [2][-]{subsection.5.4.2}{Pipeline optimizations}{section.5.4}% 30
\BOOKMARK [0][-]{appendix.A}{Tables}{}% 31
\BOOKMARK [0][-]{appendix.B}{Figures}{}% 32
