\BOOKMARK [0][-]{chapter*.3}{Symbols}{}% 1
\BOOKMARK [0][-]{chapter.1}{Introduction}{}% 2
\BOOKMARK [1][-]{section.1.1}{Background}{chapter.1}% 3
\BOOKMARK [1][-]{section.1.2}{Motivation}{chapter.1}% 4
\BOOKMARK [1][-]{section.1.3}{Design Constraints}{chapter.1}% 5
\BOOKMARK [1][-]{section.1.4}{Contributions}{chapter.1}% 6
\BOOKMARK [1][-]{section.1.5}{Thesis Organization}{chapter.1}% 7
\BOOKMARK [0][-]{chapter.2}{Theory}{}% 8
\BOOKMARK [1][-]{section.2.1}{The History of Kalman Filters}{chapter.2}% 9
\BOOKMARK [1][-]{section.2.2}{The Linear Kalman Filter}{chapter.2}% 10
\BOOKMARK [2][-]{subsection.2.2.1}{Algorithm}{section.2.2}% 11
\BOOKMARK [1][-]{section.2.3}{The Whatever We call It Ensemble Kalman Filter}{chapter.2}% 12
\BOOKMARK [2][-]{subsection.2.3.1}{The Prediction Phase}{section.2.3}% 13
\BOOKMARK [0][-]{chapter.3}{Example}{}% 14
\BOOKMARK [1][-]{section.3.1}{Motivations for micro-optimization}{chapter.3}% 15
\BOOKMARK [1][-]{section.3.2}{Description of micro-optimization}{chapter.3}% 16
\BOOKMARK [2][-]{subsection.3.2.1}{Post Multiply Normalization}{section.3.2}% 17
\BOOKMARK [2][-]{subsection.3.2.2}{Block Exponent}{section.3.2}% 18
\BOOKMARK [1][-]{section.3.3}{Integer optimizations}{chapter.3}% 19
\BOOKMARK [2][-]{subsection.3.3.1}{Conversion to fixed point}{section.3.3}% 20
\BOOKMARK [2][-]{subsection.3.3.2}{Small Constant Multiplications}{section.3.3}% 21
\BOOKMARK [1][-]{section.3.4}{Other optimizations}{chapter.3}% 22
\BOOKMARK [2][-]{subsection.3.4.1}{Low-level parallelism}{section.3.4}% 23
\BOOKMARK [2][-]{subsection.3.4.2}{Pipeline optimizations}{section.3.4}% 24
\BOOKMARK [0][-]{appendix.A}{Tables}{}% 25
\BOOKMARK [0][-]{appendix.B}{Figures}{}% 26
